

Microchip Technology PIC18 LITE Macro Assembler V1.44 build -154322312 
                                                                                               Thu Nov 30 16:58:17 2017

Microchip Technology Omniscient Code Generator v1.44 (Free mode) build 201709140600
     1                           	processor	18F4520
     2                           	fnconf	rparam,??,?,0
     3                           	opt	pw 120
     4                           	opt	lm
     5                           	psect	cinit,global,reloc=2,class=CODE,delta=1
     6                           	psect	cstackCOMRAM,global,class=COMRAM,space=1,delta=1,noexec
     7                           	psect	text0,global,reloc=2,class=CODE,delta=1
     8                           	psect	text1,global,reloc=2,class=CODE,delta=1
     9                           	psect	text2,global,reloc=2,class=CODE,delta=1
    10                           	psect	text3,global,reloc=2,class=CODE,delta=1
    11                           	psect	intsave_regs,global,class=BIGRAM,space=1,delta=1,noexec
    12                           	psect	rparam,global,class=COMRAM,space=1,delta=1,noexec
    13  0000                     
    14                           ; Version 1.44
    15                           ; Generated 14/09/2017 GMT
    16                           ; 
    17                           ; Copyright © 2017, Microchip Technology Inc. and its subsidiaries ("Microchip")
    18                           ; All rights reserved.
    19                           ; 
    20                           ; This software is developed by Microchip Technology Inc. and its subsidiaries ("Microch
      +                          ip").
    21                           ; 
    22                           ; Redistribution and use in source and binary forms, with or without modification, are
    23                           ; permitted provided that the following conditions are met:
    24                           ; 
    25                           ;     1. Redistributions of source code must retain the above copyright notice, this lis
      +                          t of
    26                           ;        conditions and the following disclaimer.
    27                           ; 
    28                           ;     2. Redistributions in binary form must reproduce the above copyright notice, this 
      +                          list
    29                           ;        of conditions and the following disclaimer in the documentation and/or other
    30                           ;        materials provided with the distribution.
    31                           ; 
    32                           ;     3. Microchip's name may not be used to endorse or promote products derived from th
      +                          is
    33                           ;        software without specific prior written permission.
    34                           ; 
    35                           ; THIS SOFTWARE IS PROVIDED BY MICROCHIP "AS IS" AND ANY EXPRESS OR IMPLIED WARRANTIES,
    36                           ; INCLUDING, BUT NOT LIMITED TO, THE IMPLIED WARRANTIES OF MERCHANTABILITY AND FITNESS F
      +                          OR
    37                           ; PURPOSE ARE DISCLAIMED.  IN NO EVENT SHALL MICROCHIP BE LIABLE FOR ANY DIRECT, INDIREC
      +                          T,
    38                           ; INCIDENTAL, SPECIAL, EXEMPLARY, OR CONSEQUENTIAL DAMAGES (INCLUDING BUT NOT LIMITED TO
    39                           ; PROCUREMENT OF SUBSTITUTE GOODS OR SERVICES; LOSS OF USE, DATA OR PROFITS; OR BUSINESS
    40                           ; INTERRUPTION) HOWSOEVER CAUSED AND ON ANY THEORY OF LIABILITY, WHETHER IN CONTRACT, ST
      +                          RICT
    41                           ; LIABILITY, OR TORT (INCLUDING NEGLIGENCE OR OTHERWISE) ARISING IN ANY WAY OUT OF THE U
      +                          SE OF
    42                           ; THIS SOFTWARE, EVEN IF ADVISED OF THE POSSIBILITY OF SUCH DAMAGE.
    43                           ; 
    44                           ; 
    45                           ; Code-generator required, PIC18F4520 Definitions
    46                           ; 
    47                           ; SFR Addresses
    48  0000                     _TRISDbits	set	3989
    49  0000                     _TRISCbits	set	3988
    50  0000                     _RD0	set	31768
    51  0000                     _OSCCON	set	4051
    52  0000                     _T2CON	set	4042
    53  0000                     _T2CONbits	set	4042
    54  0000                     _CCP1CON	set	4029
    55  0000                     _CCPR1L	set	4030
    56  0000                     _CCP1CONbits	set	4029
    57  0000                     _PR2	set	4043
    58                           
    59                           ; #config settings
    60  0000                     
    61                           	psect	cinit
    62  007C20                     __pcinit:
    63                           	opt stack 0
    64  007C20                     start_initialization:
    65                           	opt stack 0
    66  007C20                     __initialization:
    67                           	opt stack 0
    68  007C20                     end_of_initialization:
    69                           	opt stack 0
    70  007C20                     __end_of__initialization:
    71                           	opt stack 0
    72  007C20  0100               	movlb	0
    73  007C22  EF3F  F03E         	goto	_main	;jump to C main() function
    74                           
    75                           	psect	cstackCOMRAM
    76  000001                     __pcstackCOMRAM:
    77                           	opt stack 0
    78  000001                     PWM1_Duty@duty:
    79                           	opt stack 0
    80  000001                     PWM1_Init@setDuty:
    81                           	opt stack 0
    82                           
    83                           ; 4 bytes @ 0x0
    84  000001                     	ds	2
    85  000003                     ??_PWM1_Duty:
    86                           
    87                           ; 1 bytes @ 0x2
    88  000003                     	ds	2
    89  000005                     main@delay_i:
    90                           	opt stack 0
    91                           
    92                           ; 2 bytes @ 0x4
    93  000005                     	ds	2
    94  000007                     main@delay_j:
    95                           	opt stack 0
    96                           
    97                           ; 2 bytes @ 0x6
    98  000007                     	ds	2
    99  000009                     main@i:
   100                           	opt stack 0
   101                           
   102                           ; 2 bytes @ 0x8
   103  000009                     	ds	2
   104                           
   105 ;;
   106 ;;Main: autosize = 0, tempsize = 0, incstack = 0, save=0
   107 ;;
   108 ;; *************** function _main *****************
   109 ;; Defined at:
   110 ;;		line 59 in file "newmain.c"
   111 ;; Parameters:    Size  Location     Type
   112 ;;		None
   113 ;; Auto vars:     Size  Location     Type
   114 ;;  delay_j         2    6[COMRAM] int 
   115 ;;  delay_i         2    4[COMRAM] int 
   116 ;;  i               2    8[COMRAM] unsigned int 
   117 ;; Return value:  Size  Location     Type
   118 ;;                  1    wreg      void 
   119 ;; Registers used:
   120 ;;		wreg, status,2, status,0, cstack
   121 ;; Tracked objects:
   122 ;;		On entry : 0/0
   123 ;;		On exit  : 0/0
   124 ;;		Unchanged: 0/0
   125 ;; Data sizes:     COMRAM   BANK0   BANK1   BANK2   BANK3   BANK4   BANK5
   126 ;;      Params:         0       0       0       0       0       0       0
   127 ;;      Locals:         6       0       0       0       0       0       0
   128 ;;      Temps:          0       0       0       0       0       0       0
   129 ;;      Totals:         6       0       0       0       0       0       0
   130 ;;Total ram usage:        6 bytes
   131 ;; Hardware stack levels required when called:    1
   132 ;; This function calls:
   133 ;;		_PWM1_Duty
   134 ;;		_PWM1_Init
   135 ;;		_PWM1_Start
   136 ;; This function is called by:
   137 ;;		Startup code after reset
   138 ;; This function uses a non-reentrant model
   139 ;;
   140                           
   141                           	psect	text0
   142  007C7E                     __ptext0:
   143                           	opt stack 0
   144  007C7E                     _main:
   145                           	opt stack 30
   146                           
   147                           ;newmain.c: 62: PWM1_Init(155);
   148                           
   149                           ;incstack = 0
   150  007C7E  0E9B               	movlw	155
   151  007C80  6E01               	movwf	PWM1_Init@setDuty,c
   152  007C82  0E00               	movlw	0
   153  007C84  6E02               	movwf	PWM1_Init@setDuty+1,c
   154  007C86  0E00               	movlw	0
   155  007C88  6E03               	movwf	PWM1_Init@setDuty+2,c
   156  007C8A  0E00               	movlw	0
   157  007C8C  6E04               	movwf	PWM1_Init@setDuty+3,c
   158  007C8E  EC0D  F03E         	call	_PWM1_Init	;wreg free
   159                           
   160                           ;newmain.c: 63: PWM1_Start();
   161  007C92  EC13  F03E         	call	_PWM1_Start	;wreg free
   162                           
   163                           ;newmain.c: 65: unsigned int i=16;
   164  007C96  0E00               	movlw	0
   165  007C98  6E0A               	movwf	main@i+1,c
   166  007C9A  0E10               	movlw	16
   167  007C9C  6E09               	movwf	main@i,c
   168                           
   169                           ;newmain.c: 68: TRISDbits.RD0 = 1;
   170  007C9E  8095               	bsf	3989,0,c	;volatile
   171                           
   172                           ;newmain.c: 71: OSCCON ^= 0b01110000;
   173  007CA0  0E70               	movlw	112
   174  007CA2  1AD3               	xorwf	4051,f,c	;volatile
   175  007CA4                     
   176                           ;newmain.c: 74: {
   177                           ;newmain.c: 75: if(RD0 == 1 && i<= 75)
   178  007CA4  A083               	btfss	3971,0,c	;volatile
   179  007CA6  D00C               	goto	l40
   180  007CA8  500A               	movf	main@i+1,w,c
   181  007CAA  E10A               	bnz	l728
   182  007CAC  0E4C               	movlw	76
   183  007CAE  5C09               	subwf	main@i,w,c
   184  007CB0  B0D8               	btfsc	status,0,c
   185  007CB2  D006               	goto	l40
   186                           
   187                           ;newmain.c: 76: i=i+1;
   188  007CB4  0E01               	movlw	1
   189  007CB6  2409               	addwf	main@i,w,c
   190  007CB8  6E09               	movwf	main@i,c
   191  007CBA  0E00               	movlw	0
   192  007CBC  200A               	addwfc	main@i+1,w,c
   193  007CBE  6E0A               	movwf	main@i+1,c
   194  007CC0                     l40:
   195  007CC0                     l728:
   196                           
   197                           ;newmain.c: 77: PWM1_Duty(i);
   198  007CC0  C009  F001         	movff	main@i,PWM1_Duty@duty
   199  007CC4  C00A  F002         	movff	main@i+1,PWM1_Duty@duty+1
   200  007CC8  EC1A  F03E         	call	_PWM1_Duty	;wreg free
   201                           
   202                           ;newmain.c: 78: int delay_i = 10;
   203  007CCC  0E00               	movlw	0
   204  007CCE  6E06               	movwf	main@delay_i+1,c
   205  007CD0  0E0A               	movlw	10
   206  007CD2  6E05               	movwf	main@delay_i,c
   207                           
   208                           ;newmain.c: 79: while(delay_i--){
   209  007CD4  D00C               	goto	u70
   210  007CD6                     l732:
   211                           
   212                           ;newmain.c: 80: int delay_j = 100;
   213  007CD6  0E00               	movlw	0
   214  007CD8  6E08               	movwf	main@delay_j+1,c
   215  007CDA  0E64               	movlw	100
   216  007CDC  6E07               	movwf	main@delay_j,c
   217  007CDE                     l734:
   218  007CDE  0607               	decf	main@delay_j,f,c
   219  007CE0  A0D8               	btfss	status,0,c
   220  007CE2  0608               	decf	main@delay_j+1,f,c
   221  007CE4  2807               	incf	main@delay_j,w,c
   222  007CE6  E1FB               	bnz	l734
   223  007CE8  2808               	incf	main@delay_j+1,w,c
   224  007CEA  A4D8               	btfss	status,2,c
   225  007CEC  D7F8               	goto	l44
   226  007CEE                     u70:
   227  007CEE  0605               	decf	main@delay_i,f,c
   228  007CF0  A0D8               	btfss	status,0,c
   229  007CF2  0606               	decf	main@delay_i+1,f,c
   230  007CF4  2805               	incf	main@delay_i,w,c
   231  007CF6  E1EF               	bnz	l732
   232  007CF8  2806               	incf	main@delay_i+1,w,c
   233  007CFA  B4D8               	btfsc	status,2,c
   234  007CFC  D7D3               	goto	l39
   235  007CFE  D7EB               	goto	l42
   236  007D00                     __end_of_main:
   237                           	opt stack 0
   238                           status	equ	0xFD8
   239                           
   240 ;; *************** function _PWM1_Start *****************
   241 ;; Defined at:
   242 ;;		line 32 in file "newmain.c"
   243 ;; Parameters:    Size  Location     Type
   244 ;;		None
   245 ;; Auto vars:     Size  Location     Type
   246 ;;		None
   247 ;; Return value:  Size  Location     Type
   248 ;;                  2   28[None  ] int 
   249 ;; Registers used:
   250 ;;		wreg, status,2
   251 ;; Tracked objects:
   252 ;;		On entry : 0/0
   253 ;;		On exit  : 0/0
   254 ;;		Unchanged: 0/0
   255 ;; Data sizes:     COMRAM   BANK0   BANK1   BANK2   BANK3   BANK4   BANK5
   256 ;;      Params:         0       0       0       0       0       0       0
   257 ;;      Locals:         0       0       0       0       0       0       0
   258 ;;      Temps:          0       0       0       0       0       0       0
   259 ;;      Totals:         0       0       0       0       0       0       0
   260 ;;Total ram usage:        0 bytes
   261 ;; Hardware stack levels used:    1
   262 ;; This function calls:
   263 ;;		Nothing
   264 ;; This function is called by:
   265 ;;		_main
   266 ;; This function uses a non-reentrant model
   267 ;;
   268                           
   269                           	psect	text1
   270  007C26                     __ptext1:
   271                           	opt stack 0
   272  007C26                     _PWM1_Start:
   273                           	opt stack 30
   274                           
   275                           ;newmain.c: 36: CCP1CON = 0b00001100;
   276                           
   277                           ;incstack = 0
   278  007C26  0E0C               	movlw	12
   279  007C28  6EBD               	movwf	4029,c	;volatile
   280                           
   281                           ;newmain.c: 39: T2CONbits.TMR2ON = 1;
   282  007C2A  84CA               	bsf	4042,2,c	;volatile
   283                           
   284                           ;newmain.c: 42: TRISCbits.RC2 = 0;
   285  007C2C  9494               	bcf	3988,2,c	;volatile
   286                           
   287                           ;newmain.c: 53: {
   288                           ;newmain.c: 54: T2CON = 0b00000111;
   289                           
   290                           ;newmain.c: 52: else if (16 == 16)
   291                           
   292                           ;newmain.c: 49: {
   293                           ;newmain.c: 50: ;
   294                           ;newmain.c: 51: }
   295                           
   296                           ;newmain.c: 48: else if(16 == 4)
   297                           
   298                           ;newmain.c: 45: {
   299                           ;newmain.c: 46: ;
   300                           ;newmain.c: 47: }
   301                           
   302                           ;newmain.c: 44: if (16 == 1)
   303  007C2E  0E07               	movlw	7
   304  007C30  6ECA               	movwf	4042,c	;volatile
   305  007C32  0012               	return	
   306  007C34                     __end_of_PWM1_Start:
   307                           	opt stack 0
   308                           status	equ	0xFD8
   309                           
   310 ;; *************** function _PWM1_Init *****************
   311 ;; Defined at:
   312 ;;		line 14 in file "newmain.c"
   313 ;; Parameters:    Size  Location     Type
   314 ;;  setDuty         4    0[COMRAM] long 
   315 ;; Auto vars:     Size  Location     Type
   316 ;;		None
   317 ;; Return value:  Size  Location     Type
   318 ;;                  2    0[COMRAM] int 
   319 ;; Registers used:
   320 ;;		None
   321 ;; Tracked objects:
   322 ;;		On entry : 0/0
   323 ;;		On exit  : 0/0
   324 ;;		Unchanged: 0/0
   325 ;; Data sizes:     COMRAM   BANK0   BANK1   BANK2   BANK3   BANK4   BANK5
   326 ;;      Params:         4       0       0       0       0       0       0
   327 ;;      Locals:         0       0       0       0       0       0       0
   328 ;;      Temps:          0       0       0       0       0       0       0
   329 ;;      Totals:         4       0       0       0       0       0       0
   330 ;;Total ram usage:        4 bytes
   331 ;; Hardware stack levels used:    1
   332 ;; This function calls:
   333 ;;		Nothing
   334 ;; This function is called by:
   335 ;;		_main
   336 ;; This function uses a non-reentrant model
   337 ;;
   338                           
   339                           	psect	text2
   340  007C1A                     __ptext2:
   341                           	opt stack 0
   342  007C1A                     _PWM1_Init:
   343                           	opt stack 30
   344                           
   345                           ;newmain.c: 16: PR2 = setDuty;
   346                           
   347                           ;incstack = 0
   348  007C1A  C001  FFCB         	movff	PWM1_Init@setDuty,4043	;volatile
   349  007C1E  0012               	return		;funcret
   350  007C20                     __end_of_PWM1_Init:
   351                           	opt stack 0
   352                           status	equ	0xFD8
   353                           
   354 ;; *************** function _PWM1_Duty *****************
   355 ;; Defined at:
   356 ;;		line 24 in file "newmain.c"
   357 ;; Parameters:    Size  Location     Type
   358 ;;  duty            2    0[COMRAM] unsigned int 
   359 ;; Auto vars:     Size  Location     Type
   360 ;;		None
   361 ;; Return value:  Size  Location     Type
   362 ;;                  2    0[COMRAM] int 
   363 ;; Registers used:
   364 ;;		wreg, status,2, status,0
   365 ;; Tracked objects:
   366 ;;		On entry : 0/0
   367 ;;		On exit  : 0/0
   368 ;;		Unchanged: 0/0
   369 ;; Data sizes:     COMRAM   BANK0   BANK1   BANK2   BANK3   BANK4   BANK5
   370 ;;      Params:         2       0       0       0       0       0       0
   371 ;;      Locals:         0       0       0       0       0       0       0
   372 ;;      Temps:          2       0       0       0       0       0       0
   373 ;;      Totals:         4       0       0       0       0       0       0
   374 ;;Total ram usage:        4 bytes
   375 ;; Hardware stack levels used:    1
   376 ;; This function calls:
   377 ;;		Nothing
   378 ;; This function is called by:
   379 ;;		_main
   380 ;; This function uses a non-reentrant model
   381 ;;
   382                           
   383                           	psect	text3
   384  007C34                     __ptext3:
   385                           	opt stack 0
   386  007C34                     _PWM1_Duty:
   387                           	opt stack 30
   388                           
   389                           ;newmain.c: 27: CCP1CONbits.CCP1X = (duty >> 1) & 1;
   390                           
   391                           ;incstack = 0
   392  007C34  90D8               	bcf	status,0,c
   393  007C36  3002               	rrcf	PWM1_Duty@duty+1,w,c
   394  007C38  6E04               	movwf	(??_PWM1_Duty+1)& (0+255),c
   395  007C3A  3001               	rrcf	PWM1_Duty@duty,w,c
   396  007C3C  6E03               	movwf	??_PWM1_Duty& (0+255),c
   397  007C3E  0E01               	movlw	1
   398  007C40  1603               	andwf	??_PWM1_Duty,f,c
   399  007C42  3A03               	swapf	??_PWM1_Duty,f,c
   400  007C44  4603               	rlncf	??_PWM1_Duty,f,c
   401  007C46  50BD               	movf	4029,w,c	;volatile
   402  007C48  1803               	xorwf	??_PWM1_Duty,w,c
   403  007C4A  0BDF               	andlw	-33
   404  007C4C  1803               	xorwf	??_PWM1_Duty,w,c
   405  007C4E  6EBD               	movwf	4029,c	;volatile
   406                           
   407                           ;newmain.c: 28: CCP1CONbits.CCP1Y = duty & 1;
   408  007C50  C001  F003         	movff	PWM1_Duty@duty,??_PWM1_Duty
   409  007C54  0E01               	movlw	1
   410  007C56  1603               	andwf	??_PWM1_Duty,f,c
   411  007C58  3A03               	swapf	??_PWM1_Duty,f,c
   412  007C5A  50BD               	movf	4029,w,c	;volatile
   413  007C5C  1803               	xorwf	??_PWM1_Duty,w,c
   414  007C5E  0BEF               	andlw	-17
   415  007C60  1803               	xorwf	??_PWM1_Duty,w,c
   416  007C62  6EBD               	movwf	4029,c	;volatile
   417                           
   418                           ;newmain.c: 29: CCPR1L = duty >> 2;
   419  007C64  C001  F003         	movff	PWM1_Duty@duty,??_PWM1_Duty
   420  007C68  C002  F004         	movff	PWM1_Duty@duty+1,??_PWM1_Duty+1
   421  007C6C  90D8               	bcf	status,0,c
   422  007C6E  3204               	rrcf	??_PWM1_Duty+1,f,c
   423  007C70  3203               	rrcf	??_PWM1_Duty,f,c
   424  007C72  90D8               	bcf	status,0,c
   425  007C74  3204               	rrcf	??_PWM1_Duty+1,f,c
   426  007C76  3203               	rrcf	??_PWM1_Duty,f,c
   427  007C78  5003               	movf	??_PWM1_Duty,w,c
   428  007C7A  6EBE               	movwf	4030,c	;volatile
   429  007C7C  0012               	return		;funcret
   430  007C7E                     __end_of_PWM1_Duty:
   431                           	opt stack 0
   432  0000                     status	equ	0xFD8
   433                           status	equ	0xFD8
   434                           
   435                           	psect	rparam
   436  0000                     status	equ	0xFD8


Data Sizes:
    Strings     0
    Constant    0
    Data        0
    BSS         0
    Persistent  0
    Stack       0

Auto Spaces:
    Space          Size  Autos    Used
    COMRAM          127     10      10
    BANK0           128      0       0
    BANK1           256      0       0
    BANK2           256      0       0
    BANK3           256      0       0
    BANK4           256      0       0
    BANK5           239      0       0

Pointer List with Targets:

    None.

Critical Paths under _main in COMRAM

    _main->_PWM1_Duty
    _main->_PWM1_Init

Critical Paths under _main in BANK0

    None.

Critical Paths under _main in BANK1

    None.

Critical Paths under _main in BANK2

    None.

Critical Paths under _main in BANK3

    None.

Critical Paths under _main in BANK4

    None.

Critical Paths under _main in BANK5

    None.

Call Graph Tables:

 ---------------------------------------------------------------------------------
 (Depth) Function   	        Calls       Base Space   Used Autos Params    Refs
 ---------------------------------------------------------------------------------
 (0) _main                                                 6     6      0     354
                                              4 COMRAM     6     6      0
                          _PWM1_Duty
                          _PWM1_Init
                         _PWM1_Start
 ---------------------------------------------------------------------------------
 (1) _PWM1_Start                                           0     0      0       0
 ---------------------------------------------------------------------------------
 (1) _PWM1_Init                                            4     0      4      98
                                              0 COMRAM     4     0      4
 ---------------------------------------------------------------------------------
 (1) _PWM1_Duty                                            4     2      2     142
                                              0 COMRAM     4     2      2
 ---------------------------------------------------------------------------------
 Estimated maximum stack depth 1
 ---------------------------------------------------------------------------------

 Call Graph Graphs:

 _main (ROOT)
   _PWM1_Duty
   _PWM1_Init
   _PWM1_Start

 Address spaces:
Name               Size   Autos  Total    Cost      Usage
BITCOMRAM           7F      0       0       0        0.0%
EEDATA             100      0       0       0        0.0%
NULL                 0      0       0       0        0.0%
CODE                 0      0       0       0        0.0%
COMRAM              7F      A       A       1        7.9%
STACK                0      0       0       2        0.0%
BITBANK0            80      0       0       3        0.0%
BANK0               80      0       0       4        0.0%
BITBANK1           100      0       0       5        0.0%
BANK1              100      0       0       6        0.0%
BITBANK2           100      0       0       7        0.0%
BANK2              100      0       0       8        0.0%
BITBANK3           100      0       0       9        0.0%
BANK3              100      0       0      10        0.0%
BITBANK4           100      0       0      11        0.0%
BANK4              100      0       0      12        0.0%
BANK5               EF      0       0      13        0.0%
ABS                  0      0       0      14        0.0%
BITBANK5            EF      0       0      15        0.0%
BIGRAM             5EE      0       0      16        0.0%
DATA                 0      0       0      17        0.0%
BITSFR_5             0      0       0     200        0.0%
SFR_5                0      0       0     200        0.0%
BITSFR_4             0      0       0     200        0.0%
SFR_4                0      0       0     200        0.0%
BITSFR_3             0      0       0     200        0.0%
SFR_3                0      0       0     200        0.0%
BITSFR_2             0      0       0     200        0.0%
SFR_2                0      0       0     200        0.0%
BITSFR_1             0      0       0     200        0.0%
SFR_1                0      0       0     200        0.0%
BITSFR               0      0       0     200        0.0%
SFR                  0      0       0     200        0.0%


Microchip Technology PIC18 Macro Assembler V1.44 build -154322312 
Symbol Table                                                                                   Thu Nov 30 16:58:17 2017

                     l40 7CC0                       l42 7CD6                       l44 7CDE  
                     l39 7CA4                       u70 7CEE                      l732 7CD6  
                    l734 7CDE                      l728 7CC0                      _RD0 007C18  
                    _PR2 000FCB             __CFG_CPD$OFF 000000              main@delay_i 0005  
            main@delay_j 0007             __CFG_LVP$OFF 000000             __CFG_WDT$OFF 000000  
                   _main 7C7E            __CFG_BOREN$ON 000000                     start 0002  
           ___param_bank 000000                    ?_main 0001                    _T2CON 000FCA  
          __CFG_PWRT$OFF 000000       __size_of_PWM1_Init 0006       __size_of_PWM1_Duty 004A  
            ?_PWM1_Start 0001                    main@i 0009                    status 000FD8  
        __initialization 7C20             __end_of_main 7D00                   ??_main 0005  
          __activetblptr 000000                   _CCPR1L 000FBE                   _OSCCON 000FD3  
      __end_of_PWM1_Init 7C20        __end_of_PWM1_Duty 7C7E      __size_of_PWM1_Start 000E  
             __accesstop 0080  __end_of__initialization 7C20            ___rparam_used 000001  
         __pcstackCOMRAM 0001                  _CCP1CON 000FBD             ??_PWM1_Start 0001  
                __Hparam 0000                  __Lparam 0000       __end_of_PWM1_Start 7C34  
                __pcinit 7C20                  __ramtop 0600                  __ptext0 7C7E  
                __ptext1 7C26                  __ptext2 7C1A                  __ptext3 7C34  
              _T2CONbits 000FCA     end_of_initialization 7C20                _PWM1_Init 7C1A  
              _PWM1_Duty 7C34                _TRISCbits 000F94                _TRISDbits 000F95  
            _CCP1CONbits 000FBD               ?_PWM1_Init 0001               ?_PWM1_Duty 0001  
    start_initialization 7C20         __CFG_OSC$INTIO67 000000              ??_PWM1_Init 0005  
            ??_PWM1_Duty 0003            PWM1_Duty@duty 0001                 __Hrparam 0000  
       PWM1_Init@setDuty 0001                 __Lrparam 0000            __size_of_main 0082  
             _PWM1_Start 7C26  
